[3.585s] Invoking command in '/home/ros/ros2_ws/src/follow_waypoints': PYTHONPATH=/home/ros/ros2_ws/build/follow_waypoints/prefix_override:/usr/lib/python3/dist-packages/colcon_core/task/python/colcon_distutils_commands:/home/ros/ros2_ws/install/follow_waypoints/lib/python3.10/site-packages:${PYTHONPATH} /usr/bin/python3 -W ignore:setup.py install is deprecated -W ignore:easy_install command is deprecated setup.py egg_info --egg-base ../../build/follow_waypoints build --build-base /home/ros/ros2_ws/build/follow_waypoints/build install --record /home/ros/ros2_ws/build/follow_waypoints/install.log --single-version-externally-managed install_data
[3.722s] running egg_info
[3.722s] creating ../../build/follow_waypoints/follow_waypoints.egg-info
[3.722s] writing ../../build/follow_waypoints/follow_waypoints.egg-info/PKG-INFO
[3.722s] writing dependency_links to ../../build/follow_waypoints/follow_waypoints.egg-info/dependency_links.txt
[3.723s] writing entry points to ../../build/follow_waypoints/follow_waypoints.egg-info/entry_points.txt
[3.723s] writing requirements to ../../build/follow_waypoints/follow_waypoints.egg-info/requires.txt
[3.723s] writing top-level names to ../../build/follow_waypoints/follow_waypoints.egg-info/top_level.txt
[3.723s] writing manifest file '../../build/follow_waypoints/follow_waypoints.egg-info/SOURCES.txt'
[3.723s] reading manifest file '../../build/follow_waypoints/follow_waypoints.egg-info/SOURCES.txt'
[3.723s] writing manifest file '../../build/follow_waypoints/follow_waypoints.egg-info/SOURCES.txt'
[3.724s] running build
[3.724s] running build_py
[3.724s] creating /home/ros/ros2_ws/build/follow_waypoints/build
[3.724s] creating /home/ros/ros2_ws/build/follow_waypoints/build/lib
[3.724s] creating /home/ros/ros2_ws/build/follow_waypoints/build/lib/follow_waypoints
[3.724s] copying follow_waypoints/__init__.py -> /home/ros/ros2_ws/build/follow_waypoints/build/lib/follow_waypoints
[3.724s] running install
[3.724s] running install_lib
[3.724s] creating /home/ros/ros2_ws/install/follow_waypoints/lib/python3.10/site-packages/follow_waypoints
[3.724s] copying /home/ros/ros2_ws/build/follow_waypoints/build/lib/follow_waypoints/__init__.py -> /home/ros/ros2_ws/install/follow_waypoints/lib/python3.10/site-packages/follow_waypoints
[3.725s] byte-compiling /home/ros/ros2_ws/install/follow_waypoints/lib/python3.10/site-packages/follow_waypoints/__init__.py to __init__.cpython-310.pyc
[3.725s] running install_data
[3.725s] creating /home/ros/ros2_ws/install/follow_waypoints/share/ament_index
[3.725s] creating /home/ros/ros2_ws/install/follow_waypoints/share/ament_index/resource_index
[3.725s] creating /home/ros/ros2_ws/install/follow_waypoints/share/ament_index/resource_index/packages
[3.725s] copying resource/follow_waypoints -> /home/ros/ros2_ws/install/follow_waypoints/share/ament_index/resource_index/packages
[3.726s] copying package.xml -> /home/ros/ros2_ws/install/follow_waypoints/share/follow_waypoints
[3.726s] running install_egg_info
[3.726s] Copying ../../build/follow_waypoints/follow_waypoints.egg-info to /home/ros/ros2_ws/install/follow_waypoints/lib/python3.10/site-packages/follow_waypoints-0.0.0-py3.10.egg-info
[3.727s] running install_scripts
[3.739s] writing list of installed files to '/home/ros/ros2_ws/build/follow_waypoints/install.log'
[3.752s] Invoked command in '/home/ros/ros2_ws/src/follow_waypoints' returned '0': PYTHONPATH=/home/ros/ros2_ws/build/follow_waypoints/prefix_override:/usr/lib/python3/dist-packages/colcon_core/task/python/colcon_distutils_commands:/home/ros/ros2_ws/install/follow_waypoints/lib/python3.10/site-packages:${PYTHONPATH} /usr/bin/python3 -W ignore:setup.py install is deprecated -W ignore:easy_install command is deprecated setup.py egg_info --egg-base ../../build/follow_waypoints build --build-base /home/ros/ros2_ws/build/follow_waypoints/build install --record /home/ros/ros2_ws/build/follow_waypoints/install.log --single-version-externally-managed install_data
