[1.148s] DEBUG:colcon:Command line arguments: ['/usr/bin/colcon', 'build']
[1.148s] DEBUG:colcon:Parsed command line arguments: Namespace(log_base=None, log_level=None, verb_name='build', build_base='build', install_base='install', merge_install=False, symlink_install=False, test_result_base=None, continue_on_error=False, executor='parallel', parallel_workers=16, event_handlers=None, ignore_user_meta=False, metas=['./colcon.meta'], base_paths=['.'], packages_ignore=None, packages_ignore_regex=None, paths=None, packages_up_to=None, packages_up_to_regex=None, packages_above=None, packages_above_and_dependencies=None, packages_above_depth=None, packages_select_by_dep=None, packages_skip_by_dep=None, packages_skip_up_to=None, packages_select_build_failed=False, packages_skip_build_finished=False, packages_select_test_failures=False, packages_skip_test_passed=False, packages_select=None, packages_skip=None, packages_select_regex=None, packages_skip_regex=None, packages_start=None, packages_end=None, cmake_args=None, cmake_target=None, cmake_target_skip_unavailable=False, cmake_clean_cache=False, cmake_clean_first=False, cmake_force_configure=False, ament_cmake_args=None, catkin_cmake_args=None, catkin_skip_building_tests=False, mixin_files=None, mixin=None, verb_parser=<colcon_mixin.mixin.mixin_argument.MixinArgumentDecorator object at 0x7c076d5ff550>, verb_extension=<colcon_core.verb.build.BuildVerb object at 0x7c076d750550>, main=<bound method BuildVerb.main of <colcon_core.verb.build.BuildVerb object at 0x7c076d750550>>, mixin_verb=('build',))
[3.048s] Level 1:colcon.colcon_core.package_discovery:discover_packages(colcon_meta) check parameters
[3.048s] Level 1:colcon.colcon_core.package_discovery:discover_packages(recursive) check parameters
[3.048s] Level 1:colcon.colcon_core.package_discovery:discover_packages(ignore) check parameters
[3.048s] Level 1:colcon.colcon_core.package_discovery:discover_packages(path) check parameters
[3.048s] Level 1:colcon.colcon_core.package_discovery:discover_packages(colcon_meta) discover
[3.048s] Level 1:colcon.colcon_core.package_discovery:discover_packages(recursive) discover
[3.048s] INFO:colcon.colcon_core.package_discovery:Crawling recursively for packages in '/home/ros/ros2_ws'
[3.049s] Level 1:colcon.colcon_core.package_identification:_identify(.) by extensions ['ignore', 'ignore_ament_install']
[3.049s] Level 1:colcon.colcon_core.package_identification:_identify(.) by extension 'ignore'
[3.049s] Level 1:colcon.colcon_core.package_identification:_identify(.) by extension 'ignore_ament_install'
[3.049s] Level 1:colcon.colcon_core.package_identification:_identify(.) by extensions ['colcon_pkg']
[3.049s] Level 1:colcon.colcon_core.package_identification:_identify(.) by extension 'colcon_pkg'
[3.049s] Level 1:colcon.colcon_core.package_identification:_identify(.) by extensions ['colcon_meta']
[3.049s] Level 1:colcon.colcon_core.package_identification:_identify(.) by extension 'colcon_meta'
[3.049s] Level 1:colcon.colcon_core.package_identification:_identify(.) by extensions ['ros']
[3.049s] Level 1:colcon.colcon_core.package_identification:_identify(.) by extension 'ros'
[3.061s] Level 1:colcon.colcon_core.package_identification:_identify(.) by extensions ['cmake', 'python']
[3.061s] Level 1:colcon.colcon_core.package_identification:_identify(.) by extension 'cmake'
[3.061s] Level 1:colcon.colcon_core.package_identification:_identify(.) by extension 'python'
[3.061s] Level 1:colcon.colcon_core.package_identification:_identify(.) by extensions ['python_setup_py']
[3.061s] Level 1:colcon.colcon_core.package_identification:_identify(.) by extension 'python_setup_py'
[3.061s] Level 1:colcon.colcon_core.package_identification:_identify(build) by extensions ['ignore', 'ignore_ament_install']
[3.061s] Level 1:colcon.colcon_core.package_identification:_identify(build) by extension 'ignore'
[3.061s] Level 1:colcon.colcon_core.package_identification:_identify(build) ignored
[3.061s] Level 1:colcon.colcon_core.package_identification:_identify(install) by extensions ['ignore', 'ignore_ament_install']
[3.061s] Level 1:colcon.colcon_core.package_identification:_identify(install) by extension 'ignore'
[3.062s] Level 1:colcon.colcon_core.package_identification:_identify(install) ignored
[3.062s] Level 1:colcon.colcon_core.package_identification:_identify(log) by extensions ['ignore', 'ignore_ament_install']
[3.062s] Level 1:colcon.colcon_core.package_identification:_identify(log) by extension 'ignore'
[3.062s] Level 1:colcon.colcon_core.package_identification:_identify(log) ignored
[3.062s] Level 1:colcon.colcon_core.package_identification:_identify(src) by extensions ['ignore', 'ignore_ament_install']
[3.062s] Level 1:colcon.colcon_core.package_identification:_identify(src) by extension 'ignore'
[3.062s] Level 1:colcon.colcon_core.package_identification:_identify(src) by extension 'ignore_ament_install'
[3.062s] Level 1:colcon.colcon_core.package_identification:_identify(src) by extensions ['colcon_pkg']
[3.062s] Level 1:colcon.colcon_core.package_identification:_identify(src) by extension 'colcon_pkg'
[3.062s] Level 1:colcon.colcon_core.package_identification:_identify(src) by extensions ['colcon_meta']
[3.062s] Level 1:colcon.colcon_core.package_identification:_identify(src) by extension 'colcon_meta'
[3.062s] Level 1:colcon.colcon_core.package_identification:_identify(src) by extensions ['ros']
[3.062s] Level 1:colcon.colcon_core.package_identification:_identify(src) by extension 'ros'
[3.063s] Level 1:colcon.colcon_core.package_identification:_identify(src) by extensions ['cmake', 'python']
[3.063s] Level 1:colcon.colcon_core.package_identification:_identify(src) by extension 'cmake'
[3.063s] Level 1:colcon.colcon_core.package_identification:_identify(src) by extension 'python'
[3.063s] Level 1:colcon.colcon_core.package_identification:_identify(src) by extensions ['python_setup_py']
[3.063s] Level 1:colcon.colcon_core.package_identification:_identify(src) by extension 'python_setup_py'
[3.063s] Level 1:colcon.colcon_core.package_identification:_identify(src/follow_waypoints) by extensions ['ignore', 'ignore_ament_install']
[3.063s] Level 1:colcon.colcon_core.package_identification:_identify(src/follow_waypoints) by extension 'ignore'
[3.063s] Level 1:colcon.colcon_core.package_identification:_identify(src/follow_waypoints) by extension 'ignore_ament_install'
[3.063s] Level 1:colcon.colcon_core.package_identification:_identify(src/follow_waypoints) by extensions ['colcon_pkg']
[3.063s] Level 1:colcon.colcon_core.package_identification:_identify(src/follow_waypoints) by extension 'colcon_pkg'
[3.063s] Level 1:colcon.colcon_core.package_identification:_identify(src/follow_waypoints) by extensions ['colcon_meta']
[3.063s] Level 1:colcon.colcon_core.package_identification:_identify(src/follow_waypoints) by extension 'colcon_meta'
[3.063s] Level 1:colcon.colcon_core.package_identification:_identify(src/follow_waypoints) by extensions ['ros']
[3.063s] Level 1:colcon.colcon_core.package_identification:_identify(src/follow_waypoints) by extension 'ros'
[3.096s] DEBUG:colcon.colcon_core.package_identification:Package 'src/follow_waypoints' with type 'ros.ament_python' and name 'follow_waypoints'
[3.096s] Level 1:colcon.colcon_core.package_identification:_identify(src/robot_bringup) by extensions ['ignore', 'ignore_ament_install']
[3.096s] Level 1:colcon.colcon_core.package_identification:_identify(src/robot_bringup) by extension 'ignore'
[3.096s] Level 1:colcon.colcon_core.package_identification:_identify(src/robot_bringup) by extension 'ignore_ament_install'
[3.096s] Level 1:colcon.colcon_core.package_identification:_identify(src/robot_bringup) by extensions ['colcon_pkg']
[3.096s] Level 1:colcon.colcon_core.package_identification:_identify(src/robot_bringup) by extension 'colcon_pkg'
[3.096s] Level 1:colcon.colcon_core.package_identification:_identify(src/robot_bringup) by extensions ['colcon_meta']
[3.096s] Level 1:colcon.colcon_core.package_identification:_identify(src/robot_bringup) by extension 'colcon_meta'
[3.096s] Level 1:colcon.colcon_core.package_identification:_identify(src/robot_bringup) by extensions ['ros']
[3.096s] Level 1:colcon.colcon_core.package_identification:_identify(src/robot_bringup) by extension 'ros'
[3.097s] DEBUG:colcon.colcon_core.package_identification:Package 'src/robot_bringup' with type 'ros.ament_python' and name 'robot_bringup'
[3.097s] Level 1:colcon.colcon_core.package_identification:_identify(src/robot_description) by extensions ['ignore', 'ignore_ament_install']
[3.097s] Level 1:colcon.colcon_core.package_identification:_identify(src/robot_description) by extension 'ignore'
[3.097s] Level 1:colcon.colcon_core.package_identification:_identify(src/robot_description) by extension 'ignore_ament_install'
[3.097s] Level 1:colcon.colcon_core.package_identification:_identify(src/robot_description) by extensions ['colcon_pkg']
[3.097s] Level 1:colcon.colcon_core.package_identification:_identify(src/robot_description) by extension 'colcon_pkg'
[3.097s] Level 1:colcon.colcon_core.package_identification:_identify(src/robot_description) by extensions ['colcon_meta']
[3.097s] Level 1:colcon.colcon_core.package_identification:_identify(src/robot_description) by extension 'colcon_meta'
[3.097s] Level 1:colcon.colcon_core.package_identification:_identify(src/robot_description) by extensions ['ros']
[3.097s] Level 1:colcon.colcon_core.package_identification:_identify(src/robot_description) by extension 'ros'
[3.098s] DEBUG:colcon.colcon_core.package_identification:Package 'src/robot_description' with type 'ros.ament_cmake' and name 'robot_description'
[3.098s] Level 1:colcon.colcon_core.package_discovery:discover_packages(recursive) using defaults
[3.098s] Level 1:colcon.colcon_core.package_discovery:discover_packages(ignore) discover
[3.098s] Level 1:colcon.colcon_core.package_discovery:discover_packages(ignore) using defaults
[3.098s] Level 1:colcon.colcon_core.package_discovery:discover_packages(path) discover
[3.098s] Level 1:colcon.colcon_core.package_discovery:discover_packages(path) using defaults
[3.297s] Level 5:colcon.colcon_core.verb:set package 'follow_waypoints' build argument 'cmake_args' from command line to 'None'
[3.298s] Level 5:colcon.colcon_core.verb:set package 'follow_waypoints' build argument 'cmake_target' from command line to 'None'
[3.298s] Level 5:colcon.colcon_core.verb:set package 'follow_waypoints' build argument 'cmake_target_skip_unavailable' from command line to 'False'
[3.298s] Level 5:colcon.colcon_core.verb:set package 'follow_waypoints' build argument 'cmake_clean_cache' from command line to 'False'
[3.298s] Level 5:colcon.colcon_core.verb:set package 'follow_waypoints' build argument 'cmake_clean_first' from command line to 'False'
[3.298s] Level 5:colcon.colcon_core.verb:set package 'follow_waypoints' build argument 'cmake_force_configure' from command line to 'False'
[3.298s] Level 5:colcon.colcon_core.verb:set package 'follow_waypoints' build argument 'ament_cmake_args' from command line to 'None'
[3.298s] Level 5:colcon.colcon_core.verb:set package 'follow_waypoints' build argument 'catkin_cmake_args' from command line to 'None'
[3.298s] Level 5:colcon.colcon_core.verb:set package 'follow_waypoints' build argument 'catkin_skip_building_tests' from command line to 'False'
[3.298s] DEBUG:colcon.colcon_core.verb:Building package 'follow_waypoints' with the following arguments: {'ament_cmake_args': None, 'build_base': '/home/ros/ros2_ws/build/follow_waypoints', 'catkin_cmake_args': None, 'catkin_skip_building_tests': False, 'cmake_args': None, 'cmake_clean_cache': False, 'cmake_clean_first': False, 'cmake_force_configure': False, 'cmake_target': None, 'cmake_target_skip_unavailable': False, 'install_base': '/home/ros/ros2_ws/install/follow_waypoints', 'merge_install': False, 'path': '/home/ros/ros2_ws/src/follow_waypoints', 'symlink_install': False, 'test_result_base': None}
[3.298s] Level 5:colcon.colcon_core.verb:set package 'robot_bringup' build argument 'cmake_args' from command line to 'None'
[3.298s] Level 5:colcon.colcon_core.verb:set package 'robot_bringup' build argument 'cmake_target' from command line to 'None'
[3.298s] Level 5:colcon.colcon_core.verb:set package 'robot_bringup' build argument 'cmake_target_skip_unavailable' from command line to 'False'
[3.298s] Level 5:colcon.colcon_core.verb:set package 'robot_bringup' build argument 'cmake_clean_cache' from command line to 'False'
[3.298s] Level 5:colcon.colcon_core.verb:set package 'robot_bringup' build argument 'cmake_clean_first' from command line to 'False'
[3.298s] Level 5:colcon.colcon_core.verb:set package 'robot_bringup' build argument 'cmake_force_configure' from command line to 'False'
[3.298s] Level 5:colcon.colcon_core.verb:set package 'robot_bringup' build argument 'ament_cmake_args' from command line to 'None'
[3.298s] Level 5:colcon.colcon_core.verb:set package 'robot_bringup' build argument 'catkin_cmake_args' from command line to 'None'
[3.298s] Level 5:colcon.colcon_core.verb:set package 'robot_bringup' build argument 'catkin_skip_building_tests' from command line to 'False'
[3.299s] DEBUG:colcon.colcon_core.verb:Building package 'robot_bringup' with the following arguments: {'ament_cmake_args': None, 'build_base': '/home/ros/ros2_ws/build/robot_bringup', 'catkin_cmake_args': None, 'catkin_skip_building_tests': False, 'cmake_args': None, 'cmake_clean_cache': False, 'cmake_clean_first': False, 'cmake_force_configure': False, 'cmake_target': None, 'cmake_target_skip_unavailable': False, 'install_base': '/home/ros/ros2_ws/install/robot_bringup', 'merge_install': False, 'path': '/home/ros/ros2_ws/src/robot_bringup', 'symlink_install': False, 'test_result_base': None}
[3.299s] Level 5:colcon.colcon_core.verb:set package 'robot_description' build argument 'cmake_args' from command line to 'None'
[3.299s] Level 5:colcon.colcon_core.verb:set package 'robot_description' build argument 'cmake_target' from command line to 'None'
[3.299s] Level 5:colcon.colcon_core.verb:set package 'robot_description' build argument 'cmake_target_skip_unavailable' from command line to 'False'
[3.299s] Level 5:colcon.colcon_core.verb:set package 'robot_description' build argument 'cmake_clean_cache' from command line to 'False'
[3.299s] Level 5:colcon.colcon_core.verb:set package 'robot_description' build argument 'cmake_clean_first' from command line to 'False'
[3.299s] Level 5:colcon.colcon_core.verb:set package 'robot_description' build argument 'cmake_force_configure' from command line to 'False'
[3.299s] Level 5:colcon.colcon_core.verb:set package 'robot_description' build argument 'ament_cmake_args' from command line to 'None'
[3.299s] Level 5:colcon.colcon_core.verb:set package 'robot_description' build argument 'catkin_cmake_args' from command line to 'None'
[3.299s] Level 5:colcon.colcon_core.verb:set package 'robot_description' build argument 'catkin_skip_building_tests' from command line to 'False'
[3.299s] DEBUG:colcon.colcon_core.verb:Building package 'robot_description' with the following arguments: {'ament_cmake_args': None, 'build_base': '/home/ros/ros2_ws/build/robot_description', 'catkin_cmake_args': None, 'catkin_skip_building_tests': False, 'cmake_args': None, 'cmake_clean_cache': False, 'cmake_clean_first': False, 'cmake_force_configure': False, 'cmake_target': None, 'cmake_target_skip_unavailable': False, 'install_base': '/home/ros/ros2_ws/install/robot_description', 'merge_install': False, 'path': '/home/ros/ros2_ws/src/robot_description', 'symlink_install': False, 'test_result_base': None}
[3.299s] INFO:colcon.colcon_core.executor:Executing jobs using 'parallel' executor
[3.300s] DEBUG:colcon.colcon_parallel_executor.executor.parallel:run_until_complete
[3.301s] INFO:colcon.colcon_ros.task.ament_python.build:Building ROS package in '/home/ros/ros2_ws/src/follow_waypoints' with build type 'ament_python'
[3.301s] Level 1:colcon.colcon_core.shell:create_environment_hook('follow_waypoints', 'ament_prefix_path')
[3.447s] INFO:colcon.colcon_core.plugin_system:Skipping extension 'colcon_core.shell.bat': Not used on non-Windows systems
[3.447s] INFO:colcon.colcon_core.shell:Creating environment hook '/home/ros/ros2_ws/install/follow_waypoints/share/follow_waypoints/hook/ament_prefix_path.ps1'
[3.459s] INFO:colcon.colcon_core.shell:Creating environment descriptor '/home/ros/ros2_ws/install/follow_waypoints/share/follow_waypoints/hook/ament_prefix_path.dsv'
[3.468s] INFO:colcon.colcon_core.shell:Creating environment hook '/home/ros/ros2_ws/install/follow_waypoints/share/follow_waypoints/hook/ament_prefix_path.sh'
[3.469s] INFO:colcon.colcon_core.shell:Skip shell extension 'powershell' for command environment: Not usable outside of PowerShell
[3.469s] DEBUG:colcon.colcon_core.shell:Skip shell extension 'dsv' for command environment
[3.675s] INFO:colcon.colcon_ros.task.ament_python.build:Building ROS package in '/home/ros/ros2_ws/src/robot_bringup' with build type 'ament_python'
[3.676s] Level 1:colcon.colcon_core.shell:create_environment_hook('robot_bringup', 'ament_prefix_path')
[3.676s] INFO:colcon.colcon_core.shell:Creating environment hook '/home/ros/ros2_ws/install/robot_bringup/share/robot_bringup/hook/ament_prefix_path.ps1'
[3.677s] INFO:colcon.colcon_core.shell:Creating environment descriptor '/home/ros/ros2_ws/install/robot_bringup/share/robot_bringup/hook/ament_prefix_path.dsv'
[3.677s] INFO:colcon.colcon_core.shell:Creating environment hook '/home/ros/ros2_ws/install/robot_bringup/share/robot_bringup/hook/ament_prefix_path.sh'
[3.678s] INFO:colcon.colcon_core.shell:Skip shell extension 'powershell' for command environment: Not usable outside of PowerShell
[3.678s] DEBUG:colcon.colcon_core.shell:Skip shell extension 'dsv' for command environment
[3.681s] INFO:colcon.colcon_ros.task.ament_cmake.build:Building ROS package in '/home/ros/ros2_ws/src/robot_description' with build type 'ament_cmake'
[3.681s] INFO:colcon.colcon_cmake.task.cmake.build:Building CMake package in '/home/ros/ros2_ws/src/robot_description'
[3.681s] INFO:colcon.colcon_core.shell:Skip shell extension 'powershell' for command environment: Not usable outside of PowerShell
[3.681s] DEBUG:colcon.colcon_core.shell:Skip shell extension 'dsv' for command environment
[3.738s] DEBUG:colcon.colcon_core.event_handler.log_command:Invoking command in '/home/ros/ros2_ws/build/robot_description': CMAKE_PREFIX_PATH=/opt/ros/humble /usr/bin/cmake /home/ros/ros2_ws/src/robot_description -DCMAKE_INSTALL_PREFIX=/home/ros/ros2_ws/install/robot_description
[3.994s] INFO:colcon.colcon_core.task.python.build:Building Python package in '/home/ros/ros2_ws/src/robot_bringup'
[3.994s] INFO:colcon.colcon_core.shell:Skip shell extension 'powershell' for command environment: Not usable outside of PowerShell
[3.994s] DEBUG:colcon.colcon_core.shell:Skip shell extension 'dsv' for command environment
[4.139s] INFO:colcon.colcon_core.task.python.build:Building Python package in '/home/ros/ros2_ws/src/follow_waypoints'
[4.140s] INFO:colcon.colcon_core.shell:Skip shell extension 'powershell' for command environment: Not usable outside of PowerShell
[4.140s] DEBUG:colcon.colcon_core.shell:Skip shell extension 'dsv' for command environment
[6.883s] DEBUG:colcon.colcon_core.event_handler.log_command:Invoking command in '/home/ros/ros2_ws/src/robot_bringup': PYTHONPATH=/home/ros/ros2_ws/build/robot_bringup/prefix_override:/usr/lib/python3/dist-packages/colcon_core/task/python/colcon_distutils_commands:/home/ros/ros2_ws/install/robot_bringup/lib/python3.10/site-packages:${PYTHONPATH} /usr/bin/python3 -W ignore:setup.py install is deprecated -W ignore:easy_install command is deprecated setup.py egg_info --egg-base ../../build/robot_bringup build --build-base /home/ros/ros2_ws/build/robot_bringup/build install --record /home/ros/ros2_ws/build/robot_bringup/install.log --single-version-externally-managed install_data
[6.886s] DEBUG:colcon.colcon_core.event_handler.log_command:Invoking command in '/home/ros/ros2_ws/src/follow_waypoints': PYTHONPATH=/home/ros/ros2_ws/build/follow_waypoints/prefix_override:/usr/lib/python3/dist-packages/colcon_core/task/python/colcon_distutils_commands:/home/ros/ros2_ws/install/follow_waypoints/lib/python3.10/site-packages:${PYTHONPATH} /usr/bin/python3 -W ignore:setup.py install is deprecated -W ignore:easy_install command is deprecated setup.py egg_info --egg-base ../../build/follow_waypoints build --build-base /home/ros/ros2_ws/build/follow_waypoints/build install --record /home/ros/ros2_ws/build/follow_waypoints/install.log --single-version-externally-managed install_data
[7.053s] DEBUG:colcon.colcon_core.event_handler.log_command:Invoked command in '/home/ros/ros2_ws/src/follow_waypoints' returned '0': PYTHONPATH=/home/ros/ros2_ws/build/follow_waypoints/prefix_override:/usr/lib/python3/dist-packages/colcon_core/task/python/colcon_distutils_commands:/home/ros/ros2_ws/install/follow_waypoints/lib/python3.10/site-packages:${PYTHONPATH} /usr/bin/python3 -W ignore:setup.py install is deprecated -W ignore:easy_install command is deprecated setup.py egg_info --egg-base ../../build/follow_waypoints build --build-base /home/ros/ros2_ws/build/follow_waypoints/build install --record /home/ros/ros2_ws/build/follow_waypoints/install.log --single-version-externally-managed install_data
[7.491s] Level 1:colcon.colcon_core.environment:checking '/home/ros/ros2_ws/install/follow_waypoints' for CMake module files
[7.491s] Level 1:colcon.colcon_core.environment:checking '/home/ros/ros2_ws/install/follow_waypoints' for CMake config files
[7.492s] Level 1:colcon.colcon_core.environment:checking '/home/ros/ros2_ws/install/follow_waypoints/lib'
[7.492s] Level 1:colcon.colcon_core.environment:checking '/home/ros/ros2_ws/install/follow_waypoints/bin'
[7.492s] Level 1:colcon.colcon_core.environment:checking '/home/ros/ros2_ws/install/follow_waypoints/lib/pkgconfig/follow_waypoints.pc'
[7.492s] Level 1:colcon.colcon_core.environment:checking '/home/ros/ros2_ws/install/follow_waypoints/lib/python3.10/site-packages'
[7.492s] Level 1:colcon.colcon_core.shell:create_environment_hook('follow_waypoints', 'pythonpath')
[7.492s] INFO:colcon.colcon_core.shell:Creating environment hook '/home/ros/ros2_ws/install/follow_waypoints/share/follow_waypoints/hook/pythonpath.ps1'
[7.493s] INFO:colcon.colcon_core.shell:Creating environment descriptor '/home/ros/ros2_ws/install/follow_waypoints/share/follow_waypoints/hook/pythonpath.dsv'
[7.493s] INFO:colcon.colcon_core.shell:Creating environment hook '/home/ros/ros2_ws/install/follow_waypoints/share/follow_waypoints/hook/pythonpath.sh'
[7.494s] Level 1:colcon.colcon_core.environment:checking '/home/ros/ros2_ws/install/follow_waypoints/bin'
[7.494s] Level 1:colcon.colcon_core.environment:create_environment_scripts_only(follow_waypoints)
[7.494s] INFO:colcon.colcon_core.shell:Creating package script '/home/ros/ros2_ws/install/follow_waypoints/share/follow_waypoints/package.ps1'
[7.495s] INFO:colcon.colcon_core.shell:Creating package descriptor '/home/ros/ros2_ws/install/follow_waypoints/share/follow_waypoints/package.dsv'
[7.503s] INFO:colcon.colcon_core.shell:Creating package script '/home/ros/ros2_ws/install/follow_waypoints/share/follow_waypoints/package.sh'
[7.503s] INFO:colcon.colcon_core.shell:Creating package script '/home/ros/ros2_ws/install/follow_waypoints/share/follow_waypoints/package.bash'
[7.519s] INFO:colcon.colcon_core.shell:Creating package script '/home/ros/ros2_ws/install/follow_waypoints/share/follow_waypoints/package.zsh'
[7.533s] Level 1:colcon.colcon_core.environment:create_file_with_runtime_dependencies(/home/ros/ros2_ws/install/follow_waypoints/share/colcon-core/packages/follow_waypoints)
[7.534s] Level 1:colcon.colcon_core.environment:checking '/home/ros/ros2_ws/install/robot_bringup' for CMake module files
[7.535s] DEBUG:colcon.colcon_core.event_handler.log_command:Invoked command in '/home/ros/ros2_ws/src/robot_bringup' returned '0': PYTHONPATH=/home/ros/ros2_ws/build/robot_bringup/prefix_override:/usr/lib/python3/dist-packages/colcon_core/task/python/colcon_distutils_commands:/home/ros/ros2_ws/install/robot_bringup/lib/python3.10/site-packages:${PYTHONPATH} /usr/bin/python3 -W ignore:setup.py install is deprecated -W ignore:easy_install command is deprecated setup.py egg_info --egg-base ../../build/robot_bringup build --build-base /home/ros/ros2_ws/build/robot_bringup/build install --record /home/ros/ros2_ws/build/robot_bringup/install.log --single-version-externally-managed install_data
[7.535s] Level 1:colcon.colcon_core.environment:checking '/home/ros/ros2_ws/install/robot_bringup' for CMake config files
[7.535s] Level 1:colcon.colcon_core.environment:checking '/home/ros/ros2_ws/install/robot_bringup/lib'
[7.535s] Level 1:colcon.colcon_core.environment:checking '/home/ros/ros2_ws/install/robot_bringup/bin'
[7.536s] Level 1:colcon.colcon_core.environment:checking '/home/ros/ros2_ws/install/robot_bringup/lib/pkgconfig/robot_bringup.pc'
[7.536s] Level 1:colcon.colcon_core.environment:checking '/home/ros/ros2_ws/install/robot_bringup/lib/python3.10/site-packages'
[7.536s] Level 1:colcon.colcon_core.shell:create_environment_hook('robot_bringup', 'pythonpath')
[7.536s] INFO:colcon.colcon_core.shell:Creating environment hook '/home/ros/ros2_ws/install/robot_bringup/share/robot_bringup/hook/pythonpath.ps1'
[7.537s] INFO:colcon.colcon_core.shell:Creating environment descriptor '/home/ros/ros2_ws/install/robot_bringup/share/robot_bringup/hook/pythonpath.dsv'
[7.537s] INFO:colcon.colcon_core.shell:Creating environment hook '/home/ros/ros2_ws/install/robot_bringup/share/robot_bringup/hook/pythonpath.sh'
[7.537s] Level 1:colcon.colcon_core.environment:checking '/home/ros/ros2_ws/install/robot_bringup/bin'
[7.537s] Level 1:colcon.colcon_core.environment:create_environment_scripts_only(robot_bringup)
[7.538s] INFO:colcon.colcon_core.shell:Creating package script '/home/ros/ros2_ws/install/robot_bringup/share/robot_bringup/package.ps1'
[7.538s] INFO:colcon.colcon_core.shell:Creating package descriptor '/home/ros/ros2_ws/install/robot_bringup/share/robot_bringup/package.dsv'
[7.539s] INFO:colcon.colcon_core.shell:Creating package script '/home/ros/ros2_ws/install/robot_bringup/share/robot_bringup/package.sh'
[7.539s] INFO:colcon.colcon_core.shell:Creating package script '/home/ros/ros2_ws/install/robot_bringup/share/robot_bringup/package.bash'
[7.539s] INFO:colcon.colcon_core.shell:Creating package script '/home/ros/ros2_ws/install/robot_bringup/share/robot_bringup/package.zsh'
[7.540s] Level 1:colcon.colcon_core.environment:create_file_with_runtime_dependencies(/home/ros/ros2_ws/install/robot_bringup/share/colcon-core/packages/robot_bringup)
[11.025s] DEBUG:colcon.colcon_core.event_handler.log_command:Invoked command in '/home/ros/ros2_ws/build/robot_description' returned '0': CMAKE_PREFIX_PATH=/opt/ros/humble /usr/bin/cmake /home/ros/ros2_ws/src/robot_description -DCMAKE_INSTALL_PREFIX=/home/ros/ros2_ws/install/robot_description
[11.027s] DEBUG:colcon.colcon_core.event_handler.log_command:Invoking command in '/home/ros/ros2_ws/build/robot_description': CMAKE_PREFIX_PATH=/opt/ros/humble /usr/bin/cmake --build /home/ros/ros2_ws/build/robot_description -- -j16 -l16
[11.066s] DEBUG:colcon.colcon_core.event_handler.log_command:Invoked command in '/home/ros/ros2_ws/build/robot_description' returned '0': CMAKE_PREFIX_PATH=/opt/ros/humble /usr/bin/cmake --build /home/ros/ros2_ws/build/robot_description -- -j16 -l16
[11.076s] DEBUG:colcon.colcon_core.event_handler.log_command:Invoking command in '/home/ros/ros2_ws/build/robot_description': CMAKE_PREFIX_PATH=/opt/ros/humble /usr/bin/cmake --install /home/ros/ros2_ws/build/robot_description
[11.088s] Level 1:colcon.colcon_core.environment:create_environment_scripts_only(robot_description)
[11.088s] Level 1:colcon.colcon_core.environment:checking '/home/ros/ros2_ws/install/robot_description' for CMake module files
[11.088s] DEBUG:colcon.colcon_core.event_handler.log_command:Invoked command in '/home/ros/ros2_ws/build/robot_description' returned '0': CMAKE_PREFIX_PATH=/opt/ros/humble /usr/bin/cmake --install /home/ros/ros2_ws/build/robot_description
[11.089s] Level 1:colcon.colcon_core.environment:checking '/home/ros/ros2_ws/install/robot_description' for CMake config files
[11.089s] Level 1:colcon.colcon_core.shell:create_environment_hook('robot_description', 'cmake_prefix_path')
[11.089s] INFO:colcon.colcon_core.shell:Creating environment hook '/home/ros/ros2_ws/install/robot_description/share/robot_description/hook/cmake_prefix_path.ps1'
[11.089s] INFO:colcon.colcon_core.shell:Creating environment descriptor '/home/ros/ros2_ws/install/robot_description/share/robot_description/hook/cmake_prefix_path.dsv'
[11.090s] INFO:colcon.colcon_core.shell:Creating environment hook '/home/ros/ros2_ws/install/robot_description/share/robot_description/hook/cmake_prefix_path.sh'
[11.090s] Level 1:colcon.colcon_core.environment:checking '/home/ros/ros2_ws/install/robot_description/bin'
[11.090s] Level 1:colcon.colcon_core.environment:checking '/home/ros/ros2_ws/install/robot_description/lib/pkgconfig/robot_description.pc'
[11.090s] Level 1:colcon.colcon_core.environment:checking '/home/ros/ros2_ws/install/robot_description/lib/python3.10/site-packages'
[11.090s] Level 1:colcon.colcon_core.environment:checking '/home/ros/ros2_ws/install/robot_description/bin'
[11.091s] INFO:colcon.colcon_core.shell:Creating package script '/home/ros/ros2_ws/install/robot_description/share/robot_description/package.ps1'
[11.091s] INFO:colcon.colcon_core.shell:Creating package descriptor '/home/ros/ros2_ws/install/robot_description/share/robot_description/package.dsv'
[11.091s] INFO:colcon.colcon_core.shell:Creating package script '/home/ros/ros2_ws/install/robot_description/share/robot_description/package.sh'
[11.092s] INFO:colcon.colcon_core.shell:Creating package script '/home/ros/ros2_ws/install/robot_description/share/robot_description/package.bash'
[11.092s] INFO:colcon.colcon_core.shell:Creating package script '/home/ros/ros2_ws/install/robot_description/share/robot_description/package.zsh'
[11.092s] Level 1:colcon.colcon_core.environment:create_file_with_runtime_dependencies(/home/ros/ros2_ws/install/robot_description/share/colcon-core/packages/robot_description)
[11.093s] Level 1:colcon.colcon_core.environment:create_environment_scripts_only(robot_description)
[11.093s] Level 1:colcon.colcon_core.environment:checking '/home/ros/ros2_ws/install/robot_description' for CMake module files
[11.094s] Level 1:colcon.colcon_core.environment:checking '/home/ros/ros2_ws/install/robot_description' for CMake config files
[11.094s] Level 1:colcon.colcon_core.shell:create_environment_hook('robot_description', 'cmake_prefix_path')
[11.094s] INFO:colcon.colcon_core.shell:Creating environment hook '/home/ros/ros2_ws/install/robot_description/share/robot_description/hook/cmake_prefix_path.ps1'
[11.094s] INFO:colcon.colcon_core.shell:Creating environment descriptor '/home/ros/ros2_ws/install/robot_description/share/robot_description/hook/cmake_prefix_path.dsv'
[11.095s] INFO:colcon.colcon_core.shell:Creating environment hook '/home/ros/ros2_ws/install/robot_description/share/robot_description/hook/cmake_prefix_path.sh'
[11.095s] Level 1:colcon.colcon_core.environment:checking '/home/ros/ros2_ws/install/robot_description/bin'
[11.095s] Level 1:colcon.colcon_core.environment:checking '/home/ros/ros2_ws/install/robot_description/lib/pkgconfig/robot_description.pc'
[11.096s] Level 1:colcon.colcon_core.environment:checking '/home/ros/ros2_ws/install/robot_description/lib/python3.10/site-packages'
[11.096s] Level 1:colcon.colcon_core.environment:checking '/home/ros/ros2_ws/install/robot_description/bin'
[11.096s] INFO:colcon.colcon_core.shell:Creating package script '/home/ros/ros2_ws/install/robot_description/share/robot_description/package.ps1'
[11.096s] INFO:colcon.colcon_core.shell:Creating package descriptor '/home/ros/ros2_ws/install/robot_description/share/robot_description/package.dsv'
[11.097s] INFO:colcon.colcon_core.shell:Creating package script '/home/ros/ros2_ws/install/robot_description/share/robot_description/package.sh'
[11.097s] INFO:colcon.colcon_core.shell:Creating package script '/home/ros/ros2_ws/install/robot_description/share/robot_description/package.bash'
[11.098s] INFO:colcon.colcon_core.shell:Creating package script '/home/ros/ros2_ws/install/robot_description/share/robot_description/package.zsh'
[11.098s] Level 1:colcon.colcon_core.environment:create_file_with_runtime_dependencies(/home/ros/ros2_ws/install/robot_description/share/colcon-core/packages/robot_description)
[11.098s] DEBUG:colcon.colcon_parallel_executor.executor.parallel:closing loop
[11.099s] DEBUG:colcon.colcon_parallel_executor.executor.parallel:loop closed
[11.099s] DEBUG:colcon.colcon_parallel_executor.executor.parallel:run_until_complete finished with '0'
[11.099s] DEBUG:colcon.colcon_core.event_reactor:joining thread
[11.256s] INFO:colcon.colcon_core.plugin_system:Skipping extension 'colcon_notification.desktop_notification.notify_send': Could not find 'notify-send'
[11.256s] INFO:colcon.colcon_core.plugin_system:Skipping extension 'colcon_notification.desktop_notification.terminal_notifier': Not used on non-Darwin systems
[11.256s] INFO:colcon.colcon_core.plugin_system:Skipping extension 'colcon_notification.desktop_notification.win32': Not used on non-Windows systems
[11.256s] INFO:colcon.colcon_notification.desktop_notification:Sending desktop notification using 'notify2'
[11.341s] DEBUG:colcon.colcon_notification.desktop_notification.notify2:Failed to initialize notify2: org.freedesktop.DBus.Error.Spawn.ExecFailed: /usr/bin/dbus-launch terminated abnormally without any error message
[11.341s] DEBUG:colcon.colcon_core.event_reactor:joined thread
[11.342s] INFO:colcon.colcon_core.shell:Creating prefix script '/home/ros/ros2_ws/install/local_setup.ps1'
[11.355s] INFO:colcon.colcon_core.shell:Creating prefix util module '/home/ros/ros2_ws/install/_local_setup_util_ps1.py'
[11.368s] INFO:colcon.colcon_core.shell:Creating prefix chain script '/home/ros/ros2_ws/install/setup.ps1'
[11.369s] INFO:colcon.colcon_core.shell:Creating prefix script '/home/ros/ros2_ws/install/local_setup.sh'
[11.369s] INFO:colcon.colcon_core.shell:Creating prefix util module '/home/ros/ros2_ws/install/_local_setup_util_sh.py'
[11.370s] INFO:colcon.colcon_core.shell:Creating prefix chain script '/home/ros/ros2_ws/install/setup.sh'
[11.372s] INFO:colcon.colcon_core.shell:Creating prefix script '/home/ros/ros2_ws/install/local_setup.bash'
[11.383s] INFO:colcon.colcon_core.shell:Creating prefix chain script '/home/ros/ros2_ws/install/setup.bash'
[11.384s] INFO:colcon.colcon_core.shell:Creating prefix script '/home/ros/ros2_ws/install/local_setup.zsh'
[11.396s] INFO:colcon.colcon_core.shell:Creating prefix chain script '/home/ros/ros2_ws/install/setup.zsh'
