[0.056s] Invoking command in '/home/ros/ros2_ws/build/robot_description': CMAKE_PREFIX_PATH=/opt/ros/humble /usr/bin/cmake /home/ros/ros2_ws/src/robot_description -DCMAKE_INSTALL_PREFIX=/home/ros/ros2_ws/install/robot_description
[5.079s] -- The C compiler identification is GNU 11.4.0
[6.035s] -- The CXX compiler identification is GNU 11.4.0
[6.222s] -- Detecting C compiler ABI info
[6.483s] -- Detecting C compiler ABI info - done
[6.490s] -- Check for working C compiler: /usr/bin/cc - skipped
[6.490s] -- Detecting C compile features
[6.524s] -- Detecting C compile features - done
[6.545s] -- Detecting CXX compiler ABI info
[6.699s] -- Detecting CXX compiler ABI info - done
[6.707s] -- Check for working CXX compiler: /usr/bin/c++ - skipped
[6.707s] -- Detecting CXX compile features
[6.708s] -- Detecting CXX compile features - done
[6.781s] -- Found ament_cmake: 1.3.12 (/opt/ros/humble/share/ament_cmake/cmake)
[7.012s] -- Found Python3: /usr/bin/python3 (found version "3.10.12") found components: Interpreter 
[7.266s] -- Found ament_lint_auto: 0.12.14 (/opt/ros/humble/share/ament_lint_auto/cmake)
[7.335s] -- Added test 'lint_cmake' to check CMake code style
[7.336s] -- Added test 'xmllint' to check XML markup files
[7.337s] -- Configuring done
[7.340s] -- Generating done
[7.341s] -- Build files have been written to: /home/ros/ros2_ws/build/robot_description
[7.344s] Invoked command in '/home/ros/ros2_ws/build/robot_description' returned '0': CMAKE_PREFIX_PATH=/opt/ros/humble /usr/bin/cmake /home/ros/ros2_ws/src/robot_description -DCMAKE_INSTALL_PREFIX=/home/ros/ros2_ws/install/robot_description
[7.345s] Invoking command in '/home/ros/ros2_ws/build/robot_description': CMAKE_PREFIX_PATH=/opt/ros/humble /usr/bin/cmake --build /home/ros/ros2_ws/build/robot_description -- -j16 -l16
[7.385s] Invoked command in '/home/ros/ros2_ws/build/robot_description' returned '0': CMAKE_PREFIX_PATH=/opt/ros/humble /usr/bin/cmake --build /home/ros/ros2_ws/build/robot_description -- -j16 -l16
[7.395s] Invoking command in '/home/ros/ros2_ws/build/robot_description': CMAKE_PREFIX_PATH=/opt/ros/humble /usr/bin/cmake --install /home/ros/ros2_ws/build/robot_description
[7.403s] -- Install configuration: ""
[7.403s] -- Installing: /home/ros/ros2_ws/install/robot_description/share/ament_index/resource_index/package_run_dependencies/robot_description
[7.403s] -- Installing: /home/ros/ros2_ws/install/robot_description/share/ament_index/resource_index/parent_prefix_path/robot_description
[7.404s] -- Installing: /home/ros/ros2_ws/install/robot_description/share/robot_description/environment/ament_prefix_path.sh
[7.404s] -- Installing: /home/ros/ros2_ws/install/robot_description/share/robot_description/environment/ament_prefix_path.dsv
[7.404s] -- Installing: /home/ros/ros2_ws/install/robot_description/share/robot_description/environment/path.sh
[7.404s] -- Installing: /home/ros/ros2_ws/install/robot_description/share/robot_description/environment/path.dsv
[7.404s] -- Installing: /home/ros/ros2_ws/install/robot_description/share/robot_description/local_setup.bash
[7.405s] -- Installing: /home/ros/ros2_ws/install/robot_description/share/robot_description/local_setup.sh
[7.405s] -- Installing: /home/ros/ros2_ws/install/robot_description/share/robot_description/local_setup.zsh
[7.405s] -- Installing: /home/ros/ros2_ws/install/robot_description/share/robot_description/local_setup.dsv
[7.405s] -- Installing: /home/ros/ros2_ws/install/robot_description/share/robot_description/package.dsv
[7.405s] -- Installing: /home/ros/ros2_ws/install/robot_description/share/ament_index/resource_index/packages/robot_description
[7.406s] -- Installing: /home/ros/ros2_ws/install/robot_description/share/robot_description/cmake/robot_descriptionConfig.cmake
[7.406s] -- Installing: /home/ros/ros2_ws/install/robot_description/share/robot_description/cmake/robot_descriptionConfig-version.cmake
[7.406s] -- Installing: /home/ros/ros2_ws/install/robot_description/share/robot_description/package.xml
[7.407s] Invoked command in '/home/ros/ros2_ws/build/robot_description' returned '0': CMAKE_PREFIX_PATH=/opt/ros/humble /usr/bin/cmake --install /home/ros/ros2_ws/build/robot_description
