[3.207s] Invoking command in '/home/ros/ros2_ws/src/robot_bringup': PYTHONPATH=/home/ros/ros2_ws/build/robot_bringup/prefix_override:/usr/lib/python3/dist-packages/colcon_core/task/python/colcon_distutils_commands:/home/ros/ros2_ws/install/robot_bringup/lib/python3.10/site-packages:${PYTHONPATH} /usr/bin/python3 -W ignore:setup.py install is deprecated -W ignore:easy_install command is deprecated setup.py egg_info --egg-base ../../build/robot_bringup build --build-base /home/ros/ros2_ws/build/robot_bringup/build install --record /home/ros/ros2_ws/build/robot_bringup/install.log --single-version-externally-managed install_data
[3.347s] running egg_info
[3.347s] creating ../../build/robot_bringup/robot_bringup.egg-info
[3.347s] writing ../../build/robot_bringup/robot_bringup.egg-info/PKG-INFO
[3.347s] writing dependency_links to ../../build/robot_bringup/robot_bringup.egg-info/dependency_links.txt
[3.347s] writing entry points to ../../build/robot_bringup/robot_bringup.egg-info/entry_points.txt
[3.347s] writing requirements to ../../build/robot_bringup/robot_bringup.egg-info/requires.txt
[3.347s] writing top-level names to ../../build/robot_bringup/robot_bringup.egg-info/top_level.txt
[3.348s] writing manifest file '../../build/robot_bringup/robot_bringup.egg-info/SOURCES.txt'
[3.348s] reading manifest file '../../build/robot_bringup/robot_bringup.egg-info/SOURCES.txt'
[3.349s] writing manifest file '../../build/robot_bringup/robot_bringup.egg-info/SOURCES.txt'
[3.349s] running build
[3.349s] running build_py
[3.349s] creating /home/ros/ros2_ws/build/robot_bringup/build
[3.349s] creating /home/ros/ros2_ws/build/robot_bringup/build/lib
[3.349s] creating /home/ros/ros2_ws/build/robot_bringup/build/lib/robot_bringup
[3.349s] copying robot_bringup/__init__.py -> /home/ros/ros2_ws/build/robot_bringup/build/lib/robot_bringup
[3.349s] running install
[3.349s] running install_lib
[3.350s] creating /home/ros/ros2_ws/install/robot_bringup/lib/python3.10/site-packages/robot_bringup
[3.350s] copying /home/ros/ros2_ws/build/robot_bringup/build/lib/robot_bringup/__init__.py -> /home/ros/ros2_ws/install/robot_bringup/lib/python3.10/site-packages/robot_bringup
[3.350s] byte-compiling /home/ros/ros2_ws/install/robot_bringup/lib/python3.10/site-packages/robot_bringup/__init__.py to __init__.cpython-310.pyc
[3.350s] running install_data
[3.350s] creating /home/ros/ros2_ws/install/robot_bringup/share/ament_index
[3.350s] creating /home/ros/ros2_ws/install/robot_bringup/share/ament_index/resource_index
[3.350s] creating /home/ros/ros2_ws/install/robot_bringup/share/ament_index/resource_index/packages
[3.350s] copying resource/robot_bringup -> /home/ros/ros2_ws/install/robot_bringup/share/ament_index/resource_index/packages
[3.350s] copying package.xml -> /home/ros/ros2_ws/install/robot_bringup/share/robot_bringup
[3.351s] running install_egg_info
[3.351s] Copying ../../build/robot_bringup/robot_bringup.egg-info to /home/ros/ros2_ws/install/robot_bringup/lib/python3.10/site-packages/robot_bringup-0.0.0-py3.10.egg-info
[3.352s] running install_scripts
[3.364s] writing list of installed files to '/home/ros/ros2_ws/build/robot_bringup/install.log'
[3.859s] Invoked command in '/home/ros/ros2_ws/src/robot_bringup' returned '0': PYTHONPATH=/home/ros/ros2_ws/build/robot_bringup/prefix_override:/usr/lib/python3/dist-packages/colcon_core/task/python/colcon_distutils_commands:/home/ros/ros2_ws/install/robot_bringup/lib/python3.10/site-packages:${PYTHONPATH} /usr/bin/python3 -W ignore:setup.py install is deprecated -W ignore:easy_install command is deprecated setup.py egg_info --egg-base ../../build/robot_bringup build --build-base /home/ros/ros2_ws/build/robot_bringup/build install --record /home/ros/ros2_ws/build/robot_bringup/install.log --single-version-externally-managed install_data
